[2025-07-03 07:49:55] [INFO] Iniciando implantação do balanceador de carga para Besu...
[2025-07-03 07:49:55] [INFO] Verificando acesso ao cluster Kubernetes...
[2025-07-03 07:49:56] [INFO] Acesso ao cluster e namespace paladin confirmado.
[2025-07-03 07:49:56] [INFO] Verificando a existência dos StatefulSets Besu...
[2025-07-03 07:49:58] [INFO] Todos os nós Besu estão disponíveis.
[2025-07-03 07:49:58] [INFO] Todos os arquivos de configuração estão disponíveis.
[2025-07-03 07:49:58] [INFO] Criando backup dos recursos existentes...
[2025-07-03 07:50:00] [INFO] Backup criado em k8s-backups/20250703-074955
[2025-07-03 07:50:00] [INFO] Aplicando serviços...
[2025-07-03 07:50:00] [INFO] Tentativa 1 de 3 para aplicar Serviços...
[2025-07-03 07:50:02] [INFO] Serviços aplicado com sucesso.
[2025-07-03 07:50:02] [INFO] Aplicando Middlewares...
[2025-07-03 07:50:02] [INFO] Tentativa 1 de 3 para aplicar Middlewares...
[2025-07-03 07:50:02] [INFO] Middlewares aplicado com sucesso.
[2025-07-03 07:50:02] [INFO] Aplicando TraefikServices...
[2025-07-03 07:50:02] [INFO] Tentativa 1 de 3 para aplicar TraefikServices...
[2025-07-03 07:50:03] [INFO] TraefikServices aplicado com sucesso.
[2025-07-03 07:50:03] [INFO] Aplicando IngressRoutes...
[2025-07-03 07:50:03] [INFO] Tentativa 1 de 3 para aplicar IngressRoutes...
[2025-07-03 07:50:04] [INFO] IngressRoutes aplicado com sucesso.
[2025-07-03 07:50:04] [INFO] Verificando implantação...
[2025-07-03 07:50:04] [INFO] Verificando serviços...
[2025-07-03 07:50:07] [INFO] Verificando TraefikServices...
[2025-07-03 07:50:09] [INFO] Verificando Middlewares...
[2025-07-03 07:50:10] [INFO] Verificando IngressRoutes...
[2025-07-03 07:50:11] [INFO] Todos os recursos foram implantados com sucesso!
[2025-07-03 07:50:11] [SUCCESS] Balanceador de carga para Besu implantado com sucesso!
[2025-07-03 07:50:11] [INFO] Os seguintes endpoints estão disponíveis:
[2025-07-03 07:50:11] [INFO] - RPC HTTP: http://rpc-besu.cluster.eita.cloud
[2025-07-03 07:50:11] [INFO] - RPC WebSocket: ws://ws-besu.cluster.eita.cloud
[2025-07-03 07:50:11] [INFO] - GraphQL: http://graphql-besu.cluster.eita.cloud
