[2025-05-05 15:17:23] [INFO] Iniciando implantação do balanceador de carga para Besu...
[2025-05-05 15:17:23] [INFO] Verificando acesso ao cluster Kubernetes...
[2025-05-05 15:17:24] [INFO] Acesso ao cluster e namespace paladin confirmado.
[2025-05-05 15:17:24] [INFO] Verificando a existência dos StatefulSets Besu...
[2025-05-05 15:17:26] [INFO] Todos os nós Besu estão disponíveis.
[2025-05-05 15:17:26] [INFO] Todos os arquivos de configuração estão disponíveis.
[2025-05-05 15:17:26] [INFO] Criando backup dos recursos existentes...
[2025-05-05 15:17:28] [INFO] Backup criado em k8s-backups/20250505-151723
[2025-05-05 15:17:28] [INFO] Aplicando serviços...
[2025-05-05 15:17:28] [INFO] Tentativa 1 de 3 para aplicar Serviços...
[2025-05-05 15:17:30] [INFO] Serviços aplicado com sucesso.
[2025-05-05 15:17:30] [INFO] Aplicando Middlewares...
[2025-05-05 15:17:30] [INFO] Tentativa 1 de 3 para aplicar Middlewares...
[2025-05-05 15:17:31] [INFO] Middlewares aplicado com sucesso.
[2025-05-05 15:17:31] [INFO] Aplicando TraefikServices...
[2025-05-05 15:17:31] [INFO] Tentativa 1 de 3 para aplicar TraefikServices...
[2025-05-05 15:17:31] [INFO] TraefikServices aplicado com sucesso.
[2025-05-05 15:17:31] [INFO] Aplicando IngressRoutes...
[2025-05-05 15:17:31] [INFO] Tentativa 1 de 3 para aplicar IngressRoutes...
[2025-05-05 15:17:33] [INFO] IngressRoutes aplicado com sucesso.
[2025-05-05 15:17:33] [INFO] Verificando implantação...
[2025-05-05 15:17:33] [INFO] Verificando serviços...
[2025-05-05 15:17:36] [INFO] Verificando TraefikServices...
[2025-05-05 15:17:38] [INFO] Verificando Middlewares...
[2025-05-05 15:17:39] [INFO] Verificando IngressRoutes...
[2025-05-05 15:17:41] [INFO] Todos os recursos foram implantados com sucesso!
[2025-05-05 15:17:41] [SUCCESS] Balanceador de carga para Besu implantado com sucesso!
[2025-05-05 15:17:41] [INFO] Os seguintes endpoints estão disponíveis:
[2025-05-05 15:17:41] [INFO] - RPC HTTP: http://rpc-besu.cluster.eita.cloud
[2025-05-05 15:17:41] [INFO] - RPC WebSocket: ws://ws-besu.cluster.eita.cloud
[2025-05-05 15:17:41] [INFO] - GraphQL: http://graphql-besu.cluster.eita.cloud
