[2025-06-30 20:41:24] [INFO] Iniciando implantação do balanceador de carga para Besu...
[2025-06-30 20:41:24] [INFO] Verificando acesso ao cluster Kubernetes...
[2025-06-30 20:41:26] [INFO] Acesso ao cluster e namespace paladin confirmado.
[2025-06-30 20:41:26] [INFO] Verificando a existência dos StatefulSets Besu...
[2025-06-30 20:41:27] [INFO] Todos os nós Besu estão disponíveis.
[2025-06-30 20:41:27] [INFO] Todos os arquivos de configuração estão disponíveis.
[2025-06-30 20:41:27] [INFO] Criando backup dos recursos existentes...
[2025-06-30 20:41:29] [INFO] Backup criado em k8s-backups/20250630-204124
[2025-06-30 20:41:29] [INFO] Aplicando serviços...
[2025-06-30 20:41:29] [INFO] Tentativa 1 de 3 para aplicar Serviços...
[2025-06-30 20:41:30] [INFO] Serviços aplicado com sucesso.
[2025-06-30 20:41:30] [INFO] Aplicando Middlewares...
[2025-06-30 20:41:30] [INFO] Tentativa 1 de 3 para aplicar Middlewares...
[2025-06-30 20:41:32] [WARNING] Falha ao aplicar Middlewares. Tentando novamente em 5 segundos...
[2025-06-30 20:41:37] [INFO] Tentativa 2 de 3 para aplicar Middlewares...
[2025-06-30 20:41:37] [WARNING] Falha ao aplicar Middlewares. Tentando novamente em 5 segundos...
[2025-06-30 20:41:42] [INFO] Tentativa 3 de 3 para aplicar Middlewares...
[2025-06-30 20:41:43] [WARNING] Falha ao aplicar Middlewares. Tentando novamente em 5 segundos...
[2025-06-30 20:41:48] [ERROR] Falha ao aplicar Middlewares após 3 tentativas.
[2025-06-30 20:41:48] [ERROR] Falha ao aplicar middlewares. Iniciando rollback...
[2025-06-30 20:41:48] [WARNING] Iniciando rollback...
[2025-06-30 20:41:48] [INFO] Restaurando serviços...
[2025-06-30 20:42:31] [INFO] Restaurando ingressroutes...
[2025-06-30 20:42:32] [INFO] Restaurando middlewares...
[2025-06-30 20:42:33] [INFO] Restaurando traefikservices...
[2025-06-30 20:42:34] [INFO] Rollback concluído.
